

============================== 2022-07-21 13:03:41.612762 | 099b91cb-404e-42c9-807f-2218112cccf6 ==============================
13:03:41.612762 [info ] [MainThread]: Running with dbt=1.0.0
13:03:41.617279 [debug] [MainThread]: running dbt with arguments Namespace(record_timing_info=None, debug=None, log_format=None, write_json=None, use_colors=None, printer_width=None, warn_error=None, version_check=None, partial_parse=None, single_threaded=False, use_experimental_parser=None, static_parser=None, profiles_dir='/data/70/0/normalize', send_anonymous_usage_stats=None, fail_fast=None, event_buffer_size=None, project_dir='/data/70/0/normalize', profile=None, target=None, vars='{}', log_cache_events=False, config_dir=False, defer=None, state=None, cls=<class 'dbt.task.debug.DebugTask'>, which='debug', rpc_method=None)
13:03:41.618523 [debug] [MainThread]: Tracking: do not track
13:03:42.182924 [debug] [MainThread]: Executing "git --help"
13:03:42.229795 [debug] [MainThread]: STDOUT: "b"usage: git [--version] [--help] [-C <path>] [-c <name>=<value>]\n           [--exec-path[=<path>]] [--html-path] [--man-path] [--info-path]\n           [-p | --paginate | -P | --no-pager] [--no-replace-objects] [--bare]\n           [--git-dir=<path>] [--work-tree=<path>] [--namespace=<name>]\n           <command> [<args>]\n\nThese are common Git commands used in various situations:\n\nstart a working area (see also: git help tutorial)\n   clone             Clone a repository into a new directory\n   init              Create an empty Git repository or reinitialize an existing one\n\nwork on the current change (see also: git help everyday)\n   add               Add file contents to the index\n   mv                Move or rename a file, a directory, or a symlink\n   restore           Restore working tree files\n   rm                Remove files from the working tree and from the index\n   sparse-checkout   Initialize and modify the sparse-checkout\n\nexamine the history and state (see also: git help revisions)\n   bisect            Use binary search to find the commit that introduced a bug\n   diff              Show changes between commits, commit and working tree, etc\n   grep              Print lines matching a pattern\n   log               Show commit logs\n   show              Show various types of objects\n   status            Show the working tree status\n\ngrow, mark and tweak your common history\n   branch            List, create, or delete branches\n   commit            Record changes to the repository\n   merge             Join two or more development histories together\n   rebase            Reapply commits on top of another base tip\n   reset             Reset current HEAD to the specified state\n   switch            Switch branches\n   tag               Create, list, delete or verify a tag object signed with GPG\n\ncollaborate (see also: git help workflows)\n   fetch             Download objects and refs from another repository\n   pull              Fetch from and integrate with another repository or a local branch\n   push              Update remote refs along with associated objects\n\n'git help -a' and 'git help -g' list available subcommands and some\nconcept guides. See 'git help <command>' or 'git help <concept>'\nto read about a specific subcommand or concept.\nSee 'git help git' for an overview of the system.\n""
13:03:42.232664 [debug] [MainThread]: STDERR: "b''"
13:03:42.246407 [debug] [MainThread]: Acquiring new mysql connection "debug"
13:03:42.248403 [debug] [MainThread]: Using mysql connection "debug"
13:03:42.249267 [debug] [MainThread]: On debug: select 1 as id
13:03:42.250076 [debug] [MainThread]: Opening a new connection, currently in state init
13:03:43.993992 [debug] [MainThread]: SQL status: SUCCESS 0 in 1.74 seconds
13:03:44.011418 [debug] [MainThread]: On debug: Close
13:03:44.029294 [debug] [MainThread]: Connection 'debug' was properly closed.


============================== 2022-07-21 13:46:36.771042 | dc2cc68e-ad4c-43e8-ad1a-2ce5465bf3f1 ==============================
13:46:36.771063 [info ] [MainThread]: Running with dbt=1.1.1
13:46:36.771616 [debug] [MainThread]: running dbt with arguments {'write_json': True, 'use_colors': True, 'printer_width': 120, 'version_check': True, 'partial_parse': True, 'static_parser': True, 'profiles_dir': '/Users/leandroqsantos/.dbt', 'send_anonymous_usage_stats': False, 'event_buffer_size': 100000, 'quiet': False, 'no_print': False, 'config_dir': False, 'which': 'debug', 'indirect_selection': 'eager'}
13:46:36.771734 [debug] [MainThread]: Tracking: do not track
13:46:36.961959 [debug] [MainThread]: Executing "git --help"
13:46:37.013225 [debug] [MainThread]: STDOUT: "b"usage: git [-v | --version] [-h | --help] [-C <path>] [-c <name>=<value>]\n           [--exec-path[=<path>]] [--html-path] [--man-path] [--info-path]\n           [-p | --paginate | -P | --no-pager] [--no-replace-objects] [--bare]\n           [--git-dir=<path>] [--work-tree=<path>] [--namespace=<name>]\n           [--super-prefix=<path>] [--config-env=<name>=<envvar>]\n           <command> [<args>]\n\nThese are common Git commands used in various situations:\n\nstart a working area (see also: git help tutorial)\n   clone     Clone a repository into a new directory\n   init      Create an empty Git repository or reinitialize an existing one\n\nwork on the current change (see also: git help everyday)\n   add       Add file contents to the index\n   mv        Move or rename a file, a directory, or a symlink\n   restore   Restore working tree files\n   rm        Remove files from the working tree and from the index\n\nexamine the history and state (see also: git help revisions)\n   bisect    Use binary search to find the commit that introduced a bug\n   diff      Show changes between commits, commit and working tree, etc\n   grep      Print lines matching a pattern\n   log       Show commit logs\n   show      Show various types of objects\n   status    Show the working tree status\n\ngrow, mark and tweak your common history\n   branch    List, create, or delete branches\n   commit    Record changes to the repository\n   merge     Join two or more development histories together\n   rebase    Reapply commits on top of another base tip\n   reset     Reset current HEAD to the specified state\n   switch    Switch branches\n   tag       Create, list, delete or verify a tag object signed with GPG\n\ncollaborate (see also: git help workflows)\n   fetch     Download objects and refs from another repository\n   pull      Fetch from and integrate with another repository or a local branch\n   push      Update remote refs along with associated objects\n\n'git help -a' and 'git help -g' list available subcommands and some\nconcept guides. See 'git help <command>' or 'git help <concept>'\nto read about a specific subcommand or concept.\nSee 'git help git' for an overview of the system.\n""
13:46:37.013985 [debug] [MainThread]: STDERR: "b''"
13:46:37.034154 [debug] [MainThread]: Acquiring new mysql connection "debug"
13:46:37.035469 [debug] [MainThread]: Using mysql connection "debug"
13:46:37.035600 [debug] [MainThread]: On debug: select 1 as id
13:46:37.035698 [debug] [MainThread]: Opening a new connection, currently in state init
13:46:38.906934 [debug] [MainThread]: SQL status: SUCCESS -1 in 1.87 seconds
13:46:38.912857 [debug] [MainThread]: On debug: Close
13:46:38.918099 [debug] [MainThread]: Connection 'debug' was properly closed.


============================== 2022-07-21 13:54:19.966038 | dc2b7d81-67c3-411e-bb83-87d67a5e39ee ==============================
13:54:19.966056 [info ] [MainThread]: Running with dbt=1.1.1
13:54:19.966385 [debug] [MainThread]: running dbt with arguments {'write_json': True, 'use_colors': True, 'printer_width': 120, 'version_check': True, 'partial_parse': True, 'static_parser': True, 'profiles_dir': '/Users/leandroqsantos/.dbt', 'send_anonymous_usage_stats': False, 'event_buffer_size': 100000, 'quiet': False, 'no_print': False, 'config_dir': False, 'which': 'debug', 'indirect_selection': 'eager'}
13:54:19.966488 [debug] [MainThread]: Tracking: do not track
13:54:20.130613 [debug] [MainThread]: Executing "git --help"
13:54:20.184423 [debug] [MainThread]: STDOUT: "b"usage: git [-v | --version] [-h | --help] [-C <path>] [-c <name>=<value>]\n           [--exec-path[=<path>]] [--html-path] [--man-path] [--info-path]\n           [-p | --paginate | -P | --no-pager] [--no-replace-objects] [--bare]\n           [--git-dir=<path>] [--work-tree=<path>] [--namespace=<name>]\n           [--super-prefix=<path>] [--config-env=<name>=<envvar>]\n           <command> [<args>]\n\nThese are common Git commands used in various situations:\n\nstart a working area (see also: git help tutorial)\n   clone     Clone a repository into a new directory\n   init      Create an empty Git repository or reinitialize an existing one\n\nwork on the current change (see also: git help everyday)\n   add       Add file contents to the index\n   mv        Move or rename a file, a directory, or a symlink\n   restore   Restore working tree files\n   rm        Remove files from the working tree and from the index\n\nexamine the history and state (see also: git help revisions)\n   bisect    Use binary search to find the commit that introduced a bug\n   diff      Show changes between commits, commit and working tree, etc\n   grep      Print lines matching a pattern\n   log       Show commit logs\n   show      Show various types of objects\n   status    Show the working tree status\n\ngrow, mark and tweak your common history\n   branch    List, create, or delete branches\n   commit    Record changes to the repository\n   merge     Join two or more development histories together\n   rebase    Reapply commits on top of another base tip\n   reset     Reset current HEAD to the specified state\n   switch    Switch branches\n   tag       Create, list, delete or verify a tag object signed with GPG\n\ncollaborate (see also: git help workflows)\n   fetch     Download objects and refs from another repository\n   pull      Fetch from and integrate with another repository or a local branch\n   push      Update remote refs along with associated objects\n\n'git help -a' and 'git help -g' list available subcommands and some\nconcept guides. See 'git help <command>' or 'git help <concept>'\nto read about a specific subcommand or concept.\nSee 'git help git' for an overview of the system.\n""
13:54:20.185247 [debug] [MainThread]: STDERR: "b''"
13:54:20.216871 [debug] [MainThread]: Acquiring new mysql connection "debug"
13:54:20.218208 [debug] [MainThread]: Using mysql connection "debug"
13:54:20.218385 [debug] [MainThread]: On debug: select 1 as id
13:54:20.218496 [debug] [MainThread]: Opening a new connection, currently in state init
13:54:21.979496 [debug] [MainThread]: SQL status: SUCCESS -1 in 1.76 seconds
13:54:21.984257 [debug] [MainThread]: On debug: Close
13:54:21.985425 [debug] [MainThread]: Connection 'debug' was properly closed.


============================== 2022-07-21 14:03:23.647070 | e6eb6bec-9319-4585-83af-9cf8a55bdceb ==============================
14:03:23.647090 [info ] [MainThread]: Running with dbt=1.1.1
14:03:23.647403 [debug] [MainThread]: running dbt with arguments {'write_json': True, 'use_colors': True, 'printer_width': 120, 'version_check': True, 'partial_parse': True, 'static_parser': True, 'profiles_dir': '/Users/leandroqsantos/.dbt', 'send_anonymous_usage_stats': False, 'event_buffer_size': 100000, 'quiet': False, 'no_print': False, 'config_dir': False, 'which': 'debug', 'indirect_selection': 'eager'}
14:03:23.647509 [debug] [MainThread]: Tracking: do not track
14:03:23.808842 [debug] [MainThread]: Executing "git --help"
14:03:23.867538 [debug] [MainThread]: STDOUT: "b"usage: git [-v | --version] [-h | --help] [-C <path>] [-c <name>=<value>]\n           [--exec-path[=<path>]] [--html-path] [--man-path] [--info-path]\n           [-p | --paginate | -P | --no-pager] [--no-replace-objects] [--bare]\n           [--git-dir=<path>] [--work-tree=<path>] [--namespace=<name>]\n           [--super-prefix=<path>] [--config-env=<name>=<envvar>]\n           <command> [<args>]\n\nThese are common Git commands used in various situations:\n\nstart a working area (see also: git help tutorial)\n   clone     Clone a repository into a new directory\n   init      Create an empty Git repository or reinitialize an existing one\n\nwork on the current change (see also: git help everyday)\n   add       Add file contents to the index\n   mv        Move or rename a file, a directory, or a symlink\n   restore   Restore working tree files\n   rm        Remove files from the working tree and from the index\n\nexamine the history and state (see also: git help revisions)\n   bisect    Use binary search to find the commit that introduced a bug\n   diff      Show changes between commits, commit and working tree, etc\n   grep      Print lines matching a pattern\n   log       Show commit logs\n   show      Show various types of objects\n   status    Show the working tree status\n\ngrow, mark and tweak your common history\n   branch    List, create, or delete branches\n   commit    Record changes to the repository\n   merge     Join two or more development histories together\n   rebase    Reapply commits on top of another base tip\n   reset     Reset current HEAD to the specified state\n   switch    Switch branches\n   tag       Create, list, delete or verify a tag object signed with GPG\n\ncollaborate (see also: git help workflows)\n   fetch     Download objects and refs from another repository\n   pull      Fetch from and integrate with another repository or a local branch\n   push      Update remote refs along with associated objects\n\n'git help -a' and 'git help -g' list available subcommands and some\nconcept guides. See 'git help <command>' or 'git help <concept>'\nto read about a specific subcommand or concept.\nSee 'git help git' for an overview of the system.\n""
14:03:23.868504 [debug] [MainThread]: STDERR: "b''"
14:03:23.889969 [debug] [MainThread]: Acquiring new mysql connection "debug"
14:03:23.891279 [debug] [MainThread]: Using mysql connection "debug"
14:03:23.891548 [debug] [MainThread]: On debug: select 1 as id
14:03:23.891662 [debug] [MainThread]: Opening a new connection, currently in state init
14:03:25.672282 [debug] [MainThread]: SQL status: SUCCESS -1 in 1.78 seconds
14:03:25.676850 [debug] [MainThread]: On debug: Close
14:03:25.678199 [debug] [MainThread]: Connection 'debug' was properly closed.
